<?xml version="1.0" encoding="UTF-8"?>
<testsuite name="Cucumber" time="24.874" tests="2" skipped="0" failures="1" errors="0">
<testcase classname="hooks_test" name="TC01_google_iphone_arama" time="14.669">
<system-out><![CDATA[
Given kullanici google gider................................................passed
When kullanici "iphone" için arama yapar....................................passed
Then sonuclarin "apple" icerdigini dogrula..................................passed
Then close the application..................................................passed
]]></system-out>
</testcase>
<testcase classname="hooks_test" name="TC02_google_tesla_arama" time="9.577">
<failure type="java.lang.AssertionError">
<![CDATA[java.lang.AssertionError
	at org.junit.Assert.fail(Assert.java:87)
	at org.junit.Assert.assertTrue(Assert.java:42)
	at org.junit.Assert.assertTrue(Assert.java:53)
	at stepdefinitions.GoogleStepDefinitions.sonuclarin_icerdigini_dogrula(GoogleStepDefinitions.java:49)
	at ✽.sonuclarin "tesla" icerdigini dogrula(file:///C:/Users/hp/batch103Cucumber/./src/test/resources/features/day06_failed_scenarios.feature:11)
]]>
</failure>
<system-out><![CDATA[
Given kullanici google gider................................................passed
When kullanici "tesla" için arama yapar.....................................passed
Then sonuclarin "tesla" icerdigini dogrula..................................failed
Then close the application..................................................skipped
]]></system-out>
</testcase>
</testsuite>
